2025-07-03 13:04:00 | WARN | repo=tictactoe | action=commit
2025-01-08 18:41:00 | INFO | repo=tictactoe | action=commit
2025-01-13 11:03:00 | INFO | repo=tictactoe | action=commit
2025-04-10 19:41:00 | INFO | repo=tictactoe | action=commit
2025-11-17 08:01:00 | INFO | repo=tictactoe | action=edit | files=3
2025-08-13 17:40:00 | DEBUG | repo=tictactoe | action=commit
2025-11-06 09:47:00 | DEBUG | repo=tictactoe | action=commit
2025-02-07 17:12:00 | DEBUG | repo=tictactoe | action=commit
2025-09-19 19:40:00 | INFO | repo=tictactoe | action=commit
2025-02-24 20:40:00 | INFO | repo=tictactoe | action=commit
2025-08-01 20:12:00 | INFO | repo=tictactoe | action=commit
2025-05-19 14:35:00 | INFO | repo=tictactoe | action=commit
2025-10-23 08:56:00 | DEBUG | repo=tictactoe | action=commit
2025-03-05 15:52:00 | DEBUG | repo=tictactoe | action=commit
2025-03-22 20:48:00 | INFO | repo=tictactoe | action=commit
2025-02-15 15:53:00 | DEBUG | repo=tictactoe | action=commit
2025-09-11 16:35:00 | DEBUG | repo=tictactoe | action=commit
2025-10-11 21:47:00 | INFO | repo=tictactoe | action=test | passed=true
2025-12-21 09:09:00 | DEBUG | repo=tictactoe | action=commit
2025-03-15 20:35:00 | DEBUG | repo=tictactoe | action=commit
2025-12-08 20:40:00 | WARN | repo=tictactoe | action=commit
2025-02-03 19:41:00 | INFO | repo=tictactoe | action=commit
2025-05-05 17:57:00 | INFO | repo=tictactoe | action=commit
2025-10-03 12:50:00 | DEBUG | repo=tictactoe | action=commit
2025-05-14 16:05:00 | DEBUG | repo=tictactoe | action=commit
